  Board.cpp
..\..\src\GameObjects\Board.cpp(14): warning C4244: 'argument': conversion from 'unsigned int' to 'float', possible loss of data
..\..\src\GameObjects\Board.cpp(16): warning C4244: 'argument': conversion from 'time_t' to 'unsigned int', possible loss of data
..\..\src\GameObjects\Board.cpp(23): warning C4244: 'argument': conversion from 'int' to 'float', possible loss of data
  Cell.cpp
..\..\src\GameObjects\Cell.cpp(26): warning C4244: 'argument': conversion from 'double' to 'unsigned int', possible loss of data
  Queen.cpp
  MusicPlayer.cpp
  ResourceManager.cpp
  EventHandler.cpp
  Game.cpp
  main.cpp
  Bot.cpp
..\..\src\Logic\PlayersSystem\Bot.cpp(22): warning C4244: 'argument': conversion from 'time_t' to 'unsigned int', possible loss of data
  PlayArbiter.cpp
  Player.cpp
  SceneManager.cpp
  AboutScene.cpp
..\..\src\SceneManagment\Scenes\AboutScene.cpp(25): warning C4244: 'argument': conversion from 'unsigned int' to 'float', possible loss of data
..\..\src\SceneManagment\Scenes\AboutScene.cpp(34): warning C4244: 'argument': conversion from 'unsigned int' to 'float', possible loss of data
  EndScene.cpp
..\..\src\SceneManagment\Scenes\EndScene.cpp(31): warning C4244: 'argument': conversion from 'unsigned int' to 'float', possible loss of data
  PauseScene.cpp
  PlayScene.cpp
..\..\src\SceneManagment\Scenes\PlayScene.cpp(83): warning C4244: 'argument': conversion from 'unsigned int' to 'float', possible loss of data
..\..\src\SceneManagment\Scenes\PlayScene.cpp(96): warning C4244: 'argument': conversion from 'unsigned int' to 'float', possible loss of data
  PrePlayScene.cpp
..\..\src\SceneManagment\Scenes\PrePlayScene.cpp(34): warning C4244: 'argument': conversion from 'unsigned int' to 'float', possible loss of data
..\..\src\SceneManagment\Scenes\PrePlayScene.cpp(65): warning C4244: 'argument': conversion from 'unsigned int' to 'float', possible loss of data
..\..\src\SceneManagment\Scenes\PrePlayScene.cpp(102): warning C4244: 'argument': conversion from 'unsigned int' to 'float', possible loss of data
..\..\src\SceneManagment\Scenes\PrePlayScene.cpp(120): warning C4244: 'argument': conversion from 'unsigned int' to 'float', possible loss of data
  SettingsScene.cpp
..\..\src\SceneManagment\Scenes\SettingsScene.cpp(32): warning C4244: 'argument': conversion from 'unsigned int' to 'float', possible loss of data
..\..\src\SceneManagment\Scenes\SettingsScene.cpp(65): warning C4244: 'argument': conversion from 'unsigned int' to 'float', possible loss of data
..\..\src\SceneManagment\Scenes\SettingsScene.cpp(87): warning C4244: 'argument': conversion from 'unsigned int' to 'float', possible loss of data
..\..\src\SceneManagment\Scenes\SettingsScene.cpp(112): warning C4244: 'argument': conversion from 'float' to 'int', possible loss of data
..\..\src\SceneManagment\Scenes\SettingsScene.cpp(113): warning C4244: 'argument': conversion from 'float' to 'int', possible loss of data
..\..\src\SceneManagment\Scenes\SettingsScene.cpp(114): warning C4244: 'argument': conversion from 'float' to 'int', possible loss of data
..\..\src\SceneManagment\Scenes\SettingsScene.cpp(115): warning C4244: 'argument': conversion from 'int' to 'float', possible loss of data
  StartScene.cpp
  Generating code
d:\documents\courseproject\queengame-master\src\scenemanagment\scenemanager.cpp(43): warning C4715: 'SceneManager::createScene': not all control paths return a value
  All 3738 functions were compiled because no usable IPDB/IOBJ from previous compilation was found.
  Finished generating code
  QueenMove_v2.vcxproj -> D:\Documents\CourseProject\QueenGame-master\win32_proj\\..\bin\Win\QueenMove.exe
  QueenMove_v2.vcxproj -> D:\Documents\CourseProject\QueenGame-master\win32_proj\\..\bin\Win\QueenMove.pdb (Full PDB)
